#
# There is insufficient memory for the Java Runtime Environment to continue.
# Cannot create GC thread. Out of system resources.
# Possible reasons:
#   The system is out of physical RAM or swap space
#   In 32 bit mode, the process size limit was hit
# Possible solutions:
#   Reduce memory load on the system
#   Increase physical memory or swap space
#   Check if swap backing store is full
#   Use 64 bit Java on a 64 bit OS
#   Decrease Java heap size (-Xmx/-Xms)
#   Decrease number of Java threads
#   Decrease Java thread stack sizes (-Xss)
#   Set larger code cache with -XX:ReservedCodeCacheSize=
# This output file may be truncated or incomplete.
#
#  Out of Memory Error (gcTaskThread.cpp:46), pid=12112, tid=139740485613344
#
# JRE version: 7.0-b147
# Java VM: Java HotSpot(TM) 64-Bit Server VM (21.0-b17 mixed mode linux-amd64 compressed oops)
# Failed to write core dump. Core dumps have been disabled. To enable core dumping, try "ulimit -c unlimited" before starting Java again
#

---------------  T H R E A D  ---------------

Current thread (0x0000000001c1f000):  JavaThread "Unknown thread" [_thread_in_vm, id=12112, stack(0x00007ffffb103000,0x00007ffffb203000)]

Stack: [0x00007ffffb103000,0x00007ffffb203000],  sp=0x00007ffffb1fdbe0,  free space=1002k
Native frames: (J=compiled Java code, j=interpreted, Vv=VM code, C=native code)
V  [libjvm.so+0x84b50a]  VMError::report_and_die()+0x2ea
V  [libjvm.so+0x3e8309]  report_vm_out_of_memory(char const*, int, unsigned long, char const*)+0x69
V  [libjvm.so+0x483f0a]  GCTaskThread::GCTaskThread(GCTaskManager*, unsigned int, unsigned int)+0xfa
V  [libjvm.so+0x48289e]  GCTaskManager::initialize()+0x1be
V  [libjvm.so+0x710f1f]  ParallelScavengeHeap::initialize()+0x6cf
V  [libjvm.so+0x824098]  Universe::initialize_heap()+0xb8
V  [libjvm.so+0x82657d]  universe_init()+0x7d
V  [libjvm.so+0x4cf0dd]  init_globals()+0x5d
V  [libjvm.so+0x80f462]  Threads::create_vm(JavaVMInitArgs*, bool*)+0x1e2
V  [libjvm.so+0x51fac4]  JNI_CreateJavaVM+0x74
C  [libjli.so+0x31b7]  JavaMain+0x97
C  [libjli.so+0x5e73]  ContinueInNewThread0+0x63
C  [libjli.so+0x4c1a]  JLI_Launch+0x5ea
C  [java+0x6a6]  __libc_start_main@@GLIBC_2.2.5+0x6a6


---------------  P R O C E S S  ---------------

Java Threads: ( => current thread )

Other Threads:

=>0x0000000001c1f000 (exited) JavaThread "Unknown thread" [_thread_in_vm, id=12112, stack(0x00007ffffb103000,0x00007ffffb203000)]

VM state:not at safepoint (not fully initialized)

VM Mutex/Monitor currently owned by a thread: None

Dynamic libraries:
00400000-00401000 r-xp 00000000 08:07 393375                             /usr/java/jdk1.7.0/bin/java
00600000-00601000 rw-p 00000000 08:07 393375                             /usr/java/jdk1.7.0/bin/java
01c18000-01c39000 rw-p 00000000 00:00 0                                  [heap]
dda00000-deec0000 rw-p 00000000 00:00 0 
deec0000-e2c00000 rw-p 00000000 00:00 0 
e2c00000-e3f80000 rw-p 00000000 00:00 0 
e3f80000-f6400000 rw-p 00000000 00:00 0 
f6400000-f6dc0000 rw-p 00000000 00:00 0 
f6dc0000-100000000 rw-p 00000000 00:00 0 
3338000000-3338007000 r-xp 00000000 08:07 156221                         /lib64/librt-2.14.so
3338007000-3338206000 ---p 00007000 08:07 156221                         /lib64/librt-2.14.so
3338206000-3338207000 r--p 00006000 08:07 156221                         /lib64/librt-2.14.so
3338207000-3338208000 rw-p 00007000 08:07 156221                         /lib64/librt-2.14.so
3339800000-3339816000 r-xp 00000000 08:07 142586                         /lib64/libpthread-2.14.so
3339816000-3339a15000 ---p 00016000 08:07 142586                         /lib64/libpthread-2.14.so
3339a15000-3339a16000 r--p 00015000 08:07 142586                         /lib64/libpthread-2.14.so
3339a16000-3339a17000 rw-p 00016000 08:07 142586                         /lib64/libpthread-2.14.so
3339a17000-3339a1b000 rw-p 00000000 00:00 0 
3e80400000-3e8041f000 r-xp 00000000 08:07 154682                         /lib64/ld-2.14.so
3e8061e000-3e8061f000 r--p 0001e000 08:07 154682                         /lib64/ld-2.14.so
3e8061f000-3e80620000 rw-p 0001f000 08:07 154682                         /lib64/ld-2.14.so
3e80620000-3e80621000 rw-p 00000000 00:00 0 
3e80800000-3e8098f000 r-xp 00000000 08:07 154683                         /lib64/libc-2.14.so
3e8098f000-3e80b8f000 ---p 0018f000 08:07 154683                         /lib64/libc-2.14.so
3e80b8f000-3e80b93000 r--p 0018f000 08:07 154683                         /lib64/libc-2.14.so
3e80b93000-3e80b94000 rw-p 00193000 08:07 154683                         /lib64/libc-2.14.so
3e80b94000-3e80b9a000 rw-p 00000000 00:00 0 
3e81000000-3e81002000 r-xp 00000000 08:07 154689                         /lib64/libdl-2.14.so
3e81002000-3e81202000 ---p 00002000 08:07 154689                         /lib64/libdl-2.14.so
3e81202000-3e81203000 r--p 00002000 08:07 154689                         /lib64/libdl-2.14.so
3e81203000-3e81204000 rw-p 00003000 08:07 154689                         /lib64/libdl-2.14.so
3e81800000-3e81883000 r-xp 00000000 08:07 154691                         /lib64/libm-2.14.so
3e81883000-3e81a82000 ---p 00083000 08:07 154691                         /lib64/libm-2.14.so
3e81a82000-3e81a83000 r--p 00082000 08:07 154691                         /lib64/libm-2.14.so
3e81a83000-3e81a84000 rw-p 00083000 08:07 154691                         /lib64/libm-2.14.so
7f17d9759000-7f17d9764000 rw-p 00000000 00:00 0 
7f17d9764000-7f17d9782000 rw-p 00000000 00:00 0 
7f17d9782000-7f17d978c000 rw-p 00000000 00:00 0 
7f17d978c000-7f17d981e000 rw-p 00000000 00:00 0 
7f17d981e000-7f17d9829000 rw-p 00000000 00:00 0 
7f17d9829000-7f17d9847000 rw-p 00000000 00:00 0 
7f17d9847000-7f17d9851000 rw-p 00000000 00:00 0 
7f17d9851000-7f17d98e3000 rw-p 00000000 00:00 0 
7f17d98e3000-7f17d98e8000 rw-p 00000000 00:00 0 
7f17d98e8000-7f17d9931000 rw-p 00000000 00:00 0 
7f17d9931000-7f17d993c000 rw-p 00000000 00:00 0 
7f17d993c000-7f17d99f2000 rw-p 00000000 00:00 0 
7f17d99f2000-7f17d9c62000 rwxp 00000000 00:00 0 
7f17d9c62000-7f17dc9f2000 rw-p 00000000 00:00 0 
7f17dc9f2000-7f17dca0c000 r-xp 00000000 08:07 394552                     /usr/java/jdk1.7.0/jre/lib/amd64/libzip.so
7f17dca0c000-7f17dcc0c000 ---p 0001a000 08:07 394552                     /usr/java/jdk1.7.0/jre/lib/amd64/libzip.so
7f17dcc0c000-7f17dcc0d000 rw-p 0001a000 08:07 394552                     /usr/java/jdk1.7.0/jre/lib/amd64/libzip.so
7f17dcc0d000-7f17dcc19000 r-xp 00000000 08:07 135977                     /lib64/libnss_files-2.14.so
7f17dcc19000-7f17dce18000 ---p 0000c000 08:07 135977                     /lib64/libnss_files-2.14.so
7f17dce18000-7f17dce19000 r--p 0000b000 08:07 135977                     /lib64/libnss_files-2.14.so
7f17dce19000-7f17dce1a000 rw-p 0000c000 08:07 135977                     /lib64/libnss_files-2.14.so
7f17dce37000-7f17dce60000 r-xp 00000000 08:07 394527                     /usr/java/jdk1.7.0/jre/lib/amd64/libjava.so
7f17dce60000-7f17dd060000 ---p 00029000 08:07 394527                     /usr/java/jdk1.7.0/jre/lib/amd64/libjava.so
7f17dd060000-7f17dd062000 rw-p 00029000 08:07 394527                     /usr/java/jdk1.7.0/jre/lib/amd64/libjava.so
7f17dd062000-7f17dd071000 r-xp 00000000 08:07 394551                     /usr/java/jdk1.7.0/jre/lib/amd64/libverify.so
7f17dd071000-7f17dd270000 ---p 0000f000 08:07 394551                     /usr/java/jdk1.7.0/jre/lib/amd64/libverify.so
7f17dd270000-7f17dd272000 rw-p 0000e000 08:07 394551                     /usr/java/jdk1.7.0/jre/lib/amd64/libverify.so
7f17dd272000-7f17dd273000 ---p 00000000 00:00 0 
7f17dd273000-7f17dd373000 rw-p 00000000 00:00 0 
7f17dd373000-7f17ddd43000 r-xp 00000000 08:07 394556                     /usr/java/jdk1.7.0/jre/lib/amd64/server/libjvm.so
7f17ddd43000-7f17ddf43000 ---p 009d0000 08:07 394556                     /usr/java/jdk1.7.0/jre/lib/amd64/server/libjvm.so
7f17ddf43000-7f17ddfde000 rw-p 009d0000 08:07 394556                     /usr/java/jdk1.7.0/jre/lib/amd64/server/libjvm.so
7f17ddfde000-7f17de01a000 rw-p 00000000 00:00 0 
7f17de01a000-7f17de030000 r-xp 00000000 08:07 394512                     /usr/java/jdk1.7.0/jre/lib/amd64/jli/libjli.so
7f17de030000-7f17de22f000 ---p 00016000 08:07 394512                     /usr/java/jdk1.7.0/jre/lib/amd64/jli/libjli.so
7f17de22f000-7f17de230000 rw-p 00015000 08:07 394512                     /usr/java/jdk1.7.0/jre/lib/amd64/jli/libjli.so
7f17de230000-7f17de231000 rw-p 00000000 00:00 0 
7f17de244000-7f17de24c000 rw-s 00000000 08:07 525518                     /tmp/hsperfdata_james/12112
7f17de24c000-7f17de24d000 rw-p 00000000 00:00 0 
7f17de24d000-7f17de24e000 r--p 00000000 00:00 0 
7f17de24e000-7f17de24f000 rw-p 00000000 00:00 0 
7ffffb103000-7ffffb106000 ---p 00000000 00:00 0 
7ffffb107000-7ffffb203000 rw-p 00000000 00:00 0                          [stack]
7ffffb2fa000-7ffffb2fb000 r-xp 00000000 00:00 0                          [vdso]
ffffffffff600000-ffffffffff601000 r-xp 00000000 00:00 0                  [vsyscall]

VM Arguments:
jvm_args: -Dfile.encoding=UTF-8 
java_command: milkyway.MilkyWay
Launcher Type: SUN_STANDARD

Environment Variables:
PATH=/usr/lib/qt-3.3/bin:/usr/local/bin:/usr/bin:/bin:/home/james/bin:/usr/local/sbin:/usr/sbin:/sbin:/usr/local/rvm/bin
USERNAME=james
SHELL=/bin/zsh
DISPLAY=:0.0

Signal Handlers:
SIGSEGV: [libjvm.so+0x84be70], sa_mask[0]=0x7ffbfeff, sa_flags=0x10000004
SIGBUS: [libjvm.so+0x84be70], sa_mask[0]=0x7ffbfeff, sa_flags=0x10000004
SIGFPE: [libjvm.so+0x6f3820], sa_mask[0]=0x7ffbfeff, sa_flags=0x10000004
SIGPIPE: [libjvm.so+0x6f3820], sa_mask[0]=0x7ffbfeff, sa_flags=0x10000004
SIGXFSZ: [libjvm.so+0x6f3820], sa_mask[0]=0x7ffbfeff, sa_flags=0x10000004
SIGILL: [libjvm.so+0x6f3820], sa_mask[0]=0x7ffbfeff, sa_flags=0x10000004
SIGUSR1: SIG_DFL, sa_mask[0]=0x00000000, sa_flags=0x00000000
SIGUSR2: [libjvm.so+0x6f3190], sa_mask[0]=0x00000004, sa_flags=0x10000004
SIGHUP: SIG_DFL, sa_mask[0]=0x00000000, sa_flags=0x00000000
SIGINT: SIG_IGN, sa_mask[0]=0x00000000, sa_flags=0x00000000
SIGTERM: SIG_DFL, sa_mask[0]=0x00000000, sa_flags=0x00000000
SIGQUIT: SIG_DFL, sa_mask[0]=0x00000000, sa_flags=0x00000000


---------------  S Y S T E M  ---------------

OS:Fedora release 15 (Lovelock)

uname:Linux 2.6.40.6-0.fc15.x86_64 #1 SMP Tue Oct 4 00:39:50 UTC 2011 x86_64
libc:glibc 2.14 NPTL 2.14 
rlimit: STACK 8192k, CORE 0k, NPROC 1024, NOFILE 4096, AS infinity
load average:0.53 0.34 0.36

/proc/meminfo:
MemTotal:        1914932 kB
MemFree:           97764 kB
Buffers:           30096 kB
Cached:           291484 kB
SwapCached:        41848 kB
Active:          1122268 kB
Inactive:         487708 kB
Active(anon):     987964 kB
Inactive(anon):   344132 kB
Active(file):     134304 kB
Inactive(file):   143576 kB
Unevictable:          52 kB
Mlocked:              52 kB
SwapTotal:       4194300 kB
SwapFree:        3686688 kB
Dirty:               312 kB
Writeback:             0 kB
AnonPages:       1261184 kB
Mapped:            84796 kB
Shmem:             43604 kB
Slab:              95540 kB
SReclaimable:      38916 kB
SUnreclaim:        56624 kB
KernelStack:        9992 kB
PageTables:        40648 kB
NFS_Unstable:          0 kB
Bounce:                0 kB
WritebackTmp:          0 kB
CommitLimit:     5151764 kB
Committed_AS:    4219776 kB
VmallocTotal:   34359738367 kB
VmallocUsed:      560128 kB
VmallocChunk:   34359171436 kB
HardwareCorrupted:     0 kB
AnonHugePages:    698368 kB
HugePages_Total:       0
HugePages_Free:        0
HugePages_Rsvd:        0
HugePages_Surp:        0
Hugepagesize:       2048 kB
DirectMap4k:       12288 kB
DirectMap2M:     1945600 kB


CPU:total 4 (2 cores per cpu, 2 threads per core) family 6 model 37 stepping 2, cmov, cx8, fxsr, mmx, sse, sse2, sse3, ssse3, sse4.1, sse4.2, popcnt, ht

/proc/cpuinfo:
processor	: 0
vendor_id	: GenuineIntel
cpu family	: 6
model		: 37
model name	: Intel(R) Core(TM) i3 CPU       M 330  @ 2.13GHz
stepping	: 2
cpu MHz		: 2133.000
cache size	: 3072 KB
physical id	: 0
siblings	: 4
core id		: 0
cpu cores	: 2
apicid		: 0
initial apicid	: 0
fpu		: yes
fpu_exception	: yes
cpuid level	: 11
wp		: yes
flags		: fpu vme de pse tsc msr pae mce cx8 apic sep mtrr pge mca cmov pat pse36 clflush dts acpi mmx fxsr sse sse2 ss ht tm pbe syscall nx rdtscp lm constant_tsc arch_perfmon pebs bts rep_good nopl xtopology nonstop_tsc aperfmperf pni dtes64 monitor ds_cpl vmx est tm2 ssse3 cx16 xtpr pdcm sse4_1 sse4_2 popcnt lahf_lm arat dts tpr_shadow vnmi flexpriority ept vpid
bogomips	: 4255.72
clflush size	: 64
cache_alignment	: 64
address sizes	: 36 bits physical, 48 bits virtual
power management:

processor	: 1
vendor_id	: GenuineIntel
cpu family	: 6
model		: 37
model name	: Intel(R) Core(TM) i3 CPU       M 330  @ 2.13GHz
stepping	: 2
cpu MHz		: 933.000
cache size	: 3072 KB
physical id	: 0
siblings	: 4
core id		: 2
cpu cores	: 2
apicid		: 4
initial apicid	: 4
fpu		: yes
fpu_exception	: yes
cpuid level	: 11
wp		: yes
flags		: fpu vme de pse tsc msr pae mce cx8 apic sep mtrr pge mca cmov pat pse36 clflush dts acpi mmx fxsr sse sse2 ss ht tm pbe syscall nx rdtscp lm constant_tsc arch_perfmon pebs bts rep_good nopl xtopology nonstop_tsc aperfmperf pni dtes64 monitor ds_cpl vmx est tm2 ssse3 cx16 xtpr pdcm sse4_1 sse4_2 popcnt lahf_lm arat dts tpr_shadow vnmi flexpriority ept vpid
bogomips	: 4256.04
clflush size	: 64
cache_alignment	: 64
address sizes	: 36 bits physical, 48 bits virtual
power management:

processor	: 2
vendor_id	: GenuineIntel
cpu family	: 6
model		: 37
model name	: Intel(R) Core(TM) i3 CPU       M 330  @ 2.13GHz
stepping	: 2
cpu MHz		: 933.000
cache size	: 3072 KB
physical id	: 0
siblings	: 4
core id		: 0
cpu cores	: 2
apicid		: 1
initial apicid	: 1
fpu		: yes
fpu_exception	: yes
cpuid level	: 11
wp		: yes
flags		: fpu vme de pse tsc msr pae mce cx8 apic sep mtrr pge mca cmov pat pse36 clflush dts acpi mmx fxsr sse sse2 ss ht tm pbe syscall nx rdtscp lm constant_tsc arch_perfmon pebs bts rep_good nopl xtopology nonstop_tsc aperfmperf pni dtes64 monitor ds_cpl vmx est tm2 ssse3 cx16 xtpr pdcm sse4_1 sse4_2 popcnt lahf_lm arat dts tpr_shadow vnmi flexpriority ept vpid
bogomips	: 4255.98
clflush size	: 64
cache_alignment	: 64
address sizes	: 36 bits physical, 48 bits virtual
power management:

processor	: 3
vendor_id	: GenuineIntel
cpu family	: 6
model		: 37
model name	: Intel(R) Core(TM) i3 CPU       M 330  @ 2.13GHz
stepping	: 2
cpu MHz		: 2133.000
cache size	: 3072 KB
physical id	: 0
siblings	: 4
core id		: 2
cpu cores	: 2
apicid		: 5
initial apicid	: 5
fpu		: yes
fpu_exception	: yes
cpuid level	: 11
wp		: yes
flags		: fpu vme de pse tsc msr pae mce cx8 apic sep mtrr pge mca cmov pat pse36 clflush dts acpi mmx fxsr sse sse2 ss ht tm pbe syscall nx rdtscp lm constant_tsc arch_perfmon pebs bts rep_good nopl xtopology nonstop_tsc aperfmperf pni dtes64 monitor ds_cpl vmx est tm2 ssse3 cx16 xtpr pdcm sse4_1 sse4_2 popcnt lahf_lm arat dts tpr_shadow vnmi flexpriority ept vpid
bogomips	: 4255.95
clflush size	: 64
cache_alignment	: 64
address sizes	: 36 bits physical, 48 bits virtual
power management:



Memory: 4k page, physical 1914932k(97764k free), swap 4194300k(3686688k free)

vm_info: Java HotSpot(TM) 64-Bit Server VM (21.0-b17) for linux-amd64 JRE (1.7.0-b147), built on Jun 27 2011 01:30:59 by "java_re" with gcc 4.3.0 20080428 (Red Hat 4.3.0-8)

time: Tue Jan  3 17:34:23 2012
elapsed time: 0 seconds

