#
# There is insufficient memory for the Java Runtime Environment to continue.
# Cannot create GC thread. Out of system resources.
# Possible reasons:
#   The system is out of physical RAM or swap space
#   In 32 bit mode, the process size limit was hit
# Possible solutions:
#   Reduce memory load on the system
#   Increase physical memory or swap space
#   Check if swap backing store is full
#   Use 64 bit Java on a 64 bit OS
#   Decrease Java heap size (-Xmx/-Xms)
#   Decrease number of Java threads
#   Decrease Java thread stack sizes (-Xss)
#   Set larger code cache with -XX:ReservedCodeCacheSize=
# This output file may be truncated or incomplete.
#
#  Out of Memory Error (gcTaskThread.cpp:46), pid=22040, tid=140460770334496
#
# JRE version: 7.0-b147
# Java VM: Java HotSpot(TM) 64-Bit Server VM (21.0-b17 mixed mode linux-amd64 compressed oops)
# Failed to write core dump. Core dumps have been disabled. To enable core dumping, try "ulimit -c unlimited" before starting Java again
#

---------------  T H R E A D  ---------------

Current thread (0x0000000002251000):  JavaThread "Unknown thread" [_thread_in_vm, id=22040, stack(0x00007fff71670000,0x00007fff71770000)]

Stack: [0x00007fff71670000,0x00007fff71770000],  sp=0x00007fff7176a9e0,  free space=1002k
Native frames: (J=compiled Java code, j=interpreted, Vv=VM code, C=native code)
V  [libjvm.so+0x84b50a]  VMError::report_and_die()+0x2ea
V  [libjvm.so+0x3e8309]  report_vm_out_of_memory(char const*, int, unsigned long, char const*)+0x69
V  [libjvm.so+0x483f0a]  GCTaskThread::GCTaskThread(GCTaskManager*, unsigned int, unsigned int)+0xfa
V  [libjvm.so+0x48289e]  GCTaskManager::initialize()+0x1be
V  [libjvm.so+0x710f1f]  ParallelScavengeHeap::initialize()+0x6cf
V  [libjvm.so+0x824098]  Universe::initialize_heap()+0xb8
V  [libjvm.so+0x82657d]  universe_init()+0x7d
V  [libjvm.so+0x4cf0dd]  init_globals()+0x5d
V  [libjvm.so+0x80f462]  Threads::create_vm(JavaVMInitArgs*, bool*)+0x1e2
V  [libjvm.so+0x51fac4]  JNI_CreateJavaVM+0x74
C  [libjli.so+0x31b7]  JavaMain+0x97
C  [libjli.so+0x5e73]  ContinueInNewThread0+0x63
C  [libjli.so+0x4c1a]  JLI_Launch+0x5ea
C  [java+0x6a6]  __libc_start_main@@GLIBC_2.2.5+0x6a6


---------------  P R O C E S S  ---------------

Java Threads: ( => current thread )

Other Threads:

=>0x0000000002251000 (exited) JavaThread "Unknown thread" [_thread_in_vm, id=22040, stack(0x00007fff71670000,0x00007fff71770000)]

VM state:not at safepoint (not fully initialized)

VM Mutex/Monitor currently owned by a thread: None

Dynamic libraries:
00400000-00401000 r-xp 00000000 08:07 393375                             /usr/java/jdk1.7.0/bin/java
00600000-00601000 rw-p 00000000 08:07 393375                             /usr/java/jdk1.7.0/bin/java
0224a000-0226b000 rw-p 00000000 00:00 0                                  [heap]
dda00000-deec0000 rw-p 00000000 00:00 0 
deec0000-e2c00000 rw-p 00000000 00:00 0 
e2c00000-e3f80000 rw-p 00000000 00:00 0 
e3f80000-f6400000 rw-p 00000000 00:00 0 
f6400000-f6dc0000 rw-p 00000000 00:00 0 
f6dc0000-100000000 rw-p 00000000 00:00 0 
3338000000-3338007000 r-xp 00000000 08:07 156221                         /lib64/librt-2.14.so
3338007000-3338206000 ---p 00007000 08:07 156221                         /lib64/librt-2.14.so
3338206000-3338207000 r--p 00006000 08:07 156221                         /lib64/librt-2.14.so
3338207000-3338208000 rw-p 00007000 08:07 156221                         /lib64/librt-2.14.so
3339800000-3339816000 r-xp 00000000 08:07 142586                         /lib64/libpthread-2.14.so
3339816000-3339a15000 ---p 00016000 08:07 142586                         /lib64/libpthread-2.14.so
3339a15000-3339a16000 r--p 00015000 08:07 142586                         /lib64/libpthread-2.14.so
3339a16000-3339a17000 rw-p 00016000 08:07 142586                         /lib64/libpthread-2.14.so
3339a17000-3339a1b000 rw-p 00000000 00:00 0 
3e80400000-3e8041f000 r-xp 00000000 08:07 154682                         /lib64/ld-2.14.so
3e8061e000-3e8061f000 r--p 0001e000 08:07 154682                         /lib64/ld-2.14.so
3e8061f000-3e80620000 rw-p 0001f000 08:07 154682                         /lib64/ld-2.14.so
3e80620000-3e80621000 rw-p 00000000 00:00 0 
3e80800000-3e8098f000 r-xp 00000000 08:07 154683                         /lib64/libc-2.14.so
3e8098f000-3e80b8f000 ---p 0018f000 08:07 154683                         /lib64/libc-2.14.so
3e80b8f000-3e80b93000 r--p 0018f000 08:07 154683                         /lib64/libc-2.14.so
3e80b93000-3e80b94000 rw-p 00193000 08:07 154683                         /lib64/libc-2.14.so
3e80b94000-3e80b9a000 rw-p 00000000 00:00 0 
3e81000000-3e81002000 r-xp 00000000 08:07 154689                         /lib64/libdl-2.14.so
3e81002000-3e81202000 ---p 00002000 08:07 154689                         /lib64/libdl-2.14.so
3e81202000-3e81203000 r--p 00002000 08:07 154689                         /lib64/libdl-2.14.so
3e81203000-3e81204000 rw-p 00003000 08:07 154689                         /lib64/libdl-2.14.so
3e81800000-3e81883000 r-xp 00000000 08:07 154691                         /lib64/libm-2.14.so
3e81883000-3e81a82000 ---p 00083000 08:07 154691                         /lib64/libm-2.14.so
3e81a82000-3e81a83000 r--p 00082000 08:07 154691                         /lib64/libm-2.14.so
3e81a83000-3e81a84000 rw-p 00083000 08:07 154691                         /lib64/libm-2.14.so
7fbf8dc63000-7fbf8dc6e000 rw-p 00000000 00:00 0 
7fbf8dc6e000-7fbf8dc8c000 rw-p 00000000 00:00 0 
7fbf8dc8c000-7fbf8dc96000 rw-p 00000000 00:00 0 
7fbf8dc96000-7fbf8dd28000 rw-p 00000000 00:00 0 
7fbf8dd28000-7fbf8dd33000 rw-p 00000000 00:00 0 
7fbf8dd33000-7fbf8dd51000 rw-p 00000000 00:00 0 
7fbf8dd51000-7fbf8dd5b000 rw-p 00000000 00:00 0 
7fbf8dd5b000-7fbf8dded000 rw-p 00000000 00:00 0 
7fbf8dded000-7fbf8ddf2000 rw-p 00000000 00:00 0 
7fbf8ddf2000-7fbf8de3b000 rw-p 00000000 00:00 0 
7fbf8de3b000-7fbf8de46000 rw-p 00000000 00:00 0 
7fbf8de46000-7fbf8defc000 rw-p 00000000 00:00 0 
7fbf8defc000-7fbf8e16c000 rwxp 00000000 00:00 0 
7fbf8e16c000-7fbf90efc000 rw-p 00000000 00:00 0 
7fbf90efc000-7fbf90f16000 r-xp 00000000 08:07 394552                     /usr/java/jdk1.7.0/jre/lib/amd64/libzip.so
7fbf90f16000-7fbf91116000 ---p 0001a000 08:07 394552                     /usr/java/jdk1.7.0/jre/lib/amd64/libzip.so
7fbf91116000-7fbf91117000 rw-p 0001a000 08:07 394552                     /usr/java/jdk1.7.0/jre/lib/amd64/libzip.so
7fbf91117000-7fbf91123000 r-xp 00000000 08:07 135977                     /lib64/libnss_files-2.14.so
7fbf91123000-7fbf91322000 ---p 0000c000 08:07 135977                     /lib64/libnss_files-2.14.so
7fbf91322000-7fbf91323000 r--p 0000b000 08:07 135977                     /lib64/libnss_files-2.14.so
7fbf91323000-7fbf91324000 rw-p 0000c000 08:07 135977                     /lib64/libnss_files-2.14.so
7fbf91341000-7fbf9136a000 r-xp 00000000 08:07 394527                     /usr/java/jdk1.7.0/jre/lib/amd64/libjava.so
7fbf9136a000-7fbf9156a000 ---p 00029000 08:07 394527                     /usr/java/jdk1.7.0/jre/lib/amd64/libjava.so
7fbf9156a000-7fbf9156c000 rw-p 00029000 08:07 394527                     /usr/java/jdk1.7.0/jre/lib/amd64/libjava.so
7fbf9156c000-7fbf9157b000 r-xp 00000000 08:07 394551                     /usr/java/jdk1.7.0/jre/lib/amd64/libverify.so
7fbf9157b000-7fbf9177a000 ---p 0000f000 08:07 394551                     /usr/java/jdk1.7.0/jre/lib/amd64/libverify.so
7fbf9177a000-7fbf9177c000 rw-p 0000e000 08:07 394551                     /usr/java/jdk1.7.0/jre/lib/amd64/libverify.so
7fbf9177c000-7fbf9177d000 ---p 00000000 00:00 0 
7fbf9177d000-7fbf9187d000 rw-p 00000000 00:00 0 
7fbf9187d000-7fbf9224d000 r-xp 00000000 08:07 394556                     /usr/java/jdk1.7.0/jre/lib/amd64/server/libjvm.so
7fbf9224d000-7fbf9244d000 ---p 009d0000 08:07 394556                     /usr/java/jdk1.7.0/jre/lib/amd64/server/libjvm.so
7fbf9244d000-7fbf924e8000 rw-p 009d0000 08:07 394556                     /usr/java/jdk1.7.0/jre/lib/amd64/server/libjvm.so
7fbf924e8000-7fbf92524000 rw-p 00000000 00:00 0 
7fbf92524000-7fbf9253a000 r-xp 00000000 08:07 394512                     /usr/java/jdk1.7.0/jre/lib/amd64/jli/libjli.so
7fbf9253a000-7fbf92739000 ---p 00016000 08:07 394512                     /usr/java/jdk1.7.0/jre/lib/amd64/jli/libjli.so
7fbf92739000-7fbf9273a000 rw-p 00015000 08:07 394512                     /usr/java/jdk1.7.0/jre/lib/amd64/jli/libjli.so
7fbf9273a000-7fbf9273b000 rw-p 00000000 00:00 0 
7fbf9274e000-7fbf92756000 rw-s 00000000 08:07 525519                     /tmp/hsperfdata_james/22040
7fbf92756000-7fbf92757000 rw-p 00000000 00:00 0 
7fbf92757000-7fbf92758000 r--p 00000000 00:00 0 
7fbf92758000-7fbf92759000 rw-p 00000000 00:00 0 
7fff71670000-7fff71673000 ---p 00000000 00:00 0 
7fff71674000-7fff71770000 rw-p 00000000 00:00 0                          [stack]
7fff717ff000-7fff71800000 r-xp 00000000 00:00 0                          [vdso]
ffffffffff600000-ffffffffff601000 r-xp 00000000 00:00 0                  [vsyscall]

VM Arguments:
jvm_args: -Dfile.encoding=UTF-8 
java_command: milkyway.MilkyWay
Launcher Type: SUN_STANDARD

Environment Variables:
PATH=/usr/lib/qt-3.3/bin:/usr/local/bin:/usr/bin:/bin:/home/james/bin:/usr/local/sbin:/usr/sbin:/sbin:/usr/local/rvm/bin
USERNAME=james
SHELL=/bin/zsh
DISPLAY=:0.0

Signal Handlers:
SIGSEGV: [libjvm.so+0x84be70], sa_mask[0]=0x7ffbfeff, sa_flags=0x10000004
SIGBUS: [libjvm.so+0x84be70], sa_mask[0]=0x7ffbfeff, sa_flags=0x10000004
SIGFPE: [libjvm.so+0x6f3820], sa_mask[0]=0x7ffbfeff, sa_flags=0x10000004
SIGPIPE: [libjvm.so+0x6f3820], sa_mask[0]=0x7ffbfeff, sa_flags=0x10000004
SIGXFSZ: [libjvm.so+0x6f3820], sa_mask[0]=0x7ffbfeff, sa_flags=0x10000004
SIGILL: [libjvm.so+0x6f3820], sa_mask[0]=0x7ffbfeff, sa_flags=0x10000004
SIGUSR1: SIG_DFL, sa_mask[0]=0x00000000, sa_flags=0x00000000
SIGUSR2: [libjvm.so+0x6f3190], sa_mask[0]=0x00000004, sa_flags=0x10000004
SIGHUP: SIG_DFL, sa_mask[0]=0x00000000, sa_flags=0x00000000
SIGINT: SIG_IGN, sa_mask[0]=0x00000000, sa_flags=0x00000000
SIGTERM: SIG_DFL, sa_mask[0]=0x00000000, sa_flags=0x00000000
SIGQUIT: SIG_DFL, sa_mask[0]=0x00000000, sa_flags=0x00000000


---------------  S Y S T E M  ---------------

OS:Fedora release 15 (Lovelock)

uname:Linux 2.6.40.6-0.fc15.x86_64 #1 SMP Tue Oct 4 00:39:50 UTC 2011 x86_64
libc:glibc 2.14 NPTL 2.14 
rlimit: STACK 8192k, CORE 0k, NPROC 1024, NOFILE 4096, AS infinity
load average:0.50 0.71 0.48

/proc/meminfo:
MemTotal:        1914932 kB
MemFree:          356476 kB
Buffers:           13396 kB
Cached:           261100 kB
SwapCached:        45548 kB
Active:           924512 kB
Inactive:         425956 kB
Active(anon):     813592 kB
Inactive(anon):   302640 kB
Active(file):     110920 kB
Inactive(file):   123316 kB
Unevictable:          52 kB
Mlocked:              52 kB
SwapTotal:       4194300 kB
SwapFree:        3654296 kB
Dirty:               424 kB
Writeback:             0 kB
AnonPages:       1049104 kB
Mapped:            89972 kB
Shmem:             40036 kB
Slab:              96116 kB
SReclaimable:      39372 kB
SUnreclaim:        56744 kB
KernelStack:       10008 kB
PageTables:        40684 kB
NFS_Unstable:          0 kB
Bounce:                0 kB
WritebackTmp:          0 kB
CommitLimit:     5151764 kB
Committed_AS:    3831840 kB
VmallocTotal:   34359738367 kB
VmallocUsed:      560128 kB
VmallocChunk:   34359171436 kB
HardwareCorrupted:     0 kB
AnonHugePages:    616448 kB
HugePages_Total:       0
HugePages_Free:        0
HugePages_Rsvd:        0
HugePages_Surp:        0
Hugepagesize:       2048 kB
DirectMap4k:       12288 kB
DirectMap2M:     1945600 kB


CPU:total 4 (2 cores per cpu, 2 threads per core) family 6 model 37 stepping 2, cmov, cx8, fxsr, mmx, sse, sse2, sse3, ssse3, sse4.1, sse4.2, popcnt, ht

/proc/cpuinfo:
processor	: 0
vendor_id	: GenuineIntel
cpu family	: 6
model		: 37
model name	: Intel(R) Core(TM) i3 CPU       M 330  @ 2.13GHz
stepping	: 2
cpu MHz		: 933.000
cache size	: 3072 KB
physical id	: 0
siblings	: 4
core id		: 0
cpu cores	: 2
apicid		: 0
initial apicid	: 0
fpu		: yes
fpu_exception	: yes
cpuid level	: 11
wp		: yes
flags		: fpu vme de pse tsc msr pae mce cx8 apic sep mtrr pge mca cmov pat pse36 clflush dts acpi mmx fxsr sse sse2 ss ht tm pbe syscall nx rdtscp lm constant_tsc arch_perfmon pebs bts rep_good nopl xtopology nonstop_tsc aperfmperf pni dtes64 monitor ds_cpl vmx est tm2 ssse3 cx16 xtpr pdcm sse4_1 sse4_2 popcnt lahf_lm arat dts tpr_shadow vnmi flexpriority ept vpid
bogomips	: 4255.72
clflush size	: 64
cache_alignment	: 64
address sizes	: 36 bits physical, 48 bits virtual
power management:

processor	: 1
vendor_id	: GenuineIntel
cpu family	: 6
model		: 37
model name	: Intel(R) Core(TM) i3 CPU       M 330  @ 2.13GHz
stepping	: 2
cpu MHz		: 933.000
cache size	: 3072 KB
physical id	: 0
siblings	: 4
core id		: 2
cpu cores	: 2
apicid		: 4
initial apicid	: 4
fpu		: yes
fpu_exception	: yes
cpuid level	: 11
wp		: yes
flags		: fpu vme de pse tsc msr pae mce cx8 apic sep mtrr pge mca cmov pat pse36 clflush dts acpi mmx fxsr sse sse2 ss ht tm pbe syscall nx rdtscp lm constant_tsc arch_perfmon pebs bts rep_good nopl xtopology nonstop_tsc aperfmperf pni dtes64 monitor ds_cpl vmx est tm2 ssse3 cx16 xtpr pdcm sse4_1 sse4_2 popcnt lahf_lm arat dts tpr_shadow vnmi flexpriority ept vpid
bogomips	: 4256.04
clflush size	: 64
cache_alignment	: 64
address sizes	: 36 bits physical, 48 bits virtual
power management:

processor	: 2
vendor_id	: GenuineIntel
cpu family	: 6
model		: 37
model name	: Intel(R) Core(TM) i3 CPU       M 330  @ 2.13GHz
stepping	: 2
cpu MHz		: 2133.000
cache size	: 3072 KB
physical id	: 0
siblings	: 4
core id		: 0
cpu cores	: 2
apicid		: 1
initial apicid	: 1
fpu		: yes
fpu_exception	: yes
cpuid level	: 11
wp		: yes
flags		: fpu vme de pse tsc msr pae mce cx8 apic sep mtrr pge mca cmov pat pse36 clflush dts acpi mmx fxsr sse sse2 ss ht tm pbe syscall nx rdtscp lm constant_tsc arch_perfmon pebs bts rep_good nopl xtopology nonstop_tsc aperfmperf pni dtes64 monitor ds_cpl vmx est tm2 ssse3 cx16 xtpr pdcm sse4_1 sse4_2 popcnt lahf_lm arat dts tpr_shadow vnmi flexpriority ept vpid
bogomips	: 4255.98
clflush size	: 64
cache_alignment	: 64
address sizes	: 36 bits physical, 48 bits virtual
power management:

processor	: 3
vendor_id	: GenuineIntel
cpu family	: 6
model		: 37
model name	: Intel(R) Core(TM) i3 CPU       M 330  @ 2.13GHz
stepping	: 2
cpu MHz		: 933.000
cache size	: 3072 KB
physical id	: 0
siblings	: 4
core id		: 2
cpu cores	: 2
apicid		: 5
initial apicid	: 5
fpu		: yes
fpu_exception	: yes
cpuid level	: 11
wp		: yes
flags		: fpu vme de pse tsc msr pae mce cx8 apic sep mtrr pge mca cmov pat pse36 clflush dts acpi mmx fxsr sse sse2 ss ht tm pbe syscall nx rdtscp lm constant_tsc arch_perfmon pebs bts rep_good nopl xtopology nonstop_tsc aperfmperf pni dtes64 monitor ds_cpl vmx est tm2 ssse3 cx16 xtpr pdcm sse4_1 sse4_2 popcnt lahf_lm arat dts tpr_shadow vnmi flexpriority ept vpid
bogomips	: 4255.95
clflush size	: 64
cache_alignment	: 64
address sizes	: 36 bits physical, 48 bits virtual
power management:



Memory: 4k page, physical 1914932k(356476k free), swap 4194300k(3654296k free)

vm_info: Java HotSpot(TM) 64-Bit Server VM (21.0-b17) for linux-amd64 JRE (1.7.0-b147), built on Jun 27 2011 01:30:59 by "java_re" with gcc 4.3.0 20080428 (Red Hat 4.3.0-8)

time: Tue Jan  3 19:54:27 2012
elapsed time: 0 seconds

